<?xml version="1.0" encoding="UTF-8"?>
<testng-results skipped="0" failed="0" ignored="0" total="1" passed="1">
  <reporter-output>
  </reporter-output>
  <suite name="Default suite" duration-ms="8211" started-at="2019-08-19T18:09:28Z" finished-at="2019-08-19T18:09:36Z">
    <groups>
    </groups>
    <test name="Default test" duration-ms="8211" started-at="2019-08-19T18:09:28Z" finished-at="2019-08-19T18:09:36Z">
      <class name="test.VerifyDraftTest">
        <test-method status="PASS" signature="launchBrowser()[pri:0, instance:test.VerifyDraftTest@c038203]" name="launchBrowser" is-config="true" duration-ms="3382" started-at="2019-08-19T18:09:28Z" finished-at="2019-08-19T18:09:31Z">
          <reporter-output>
          </reporter-output>
        </test-method> <!-- launchBrowser -->
        <test-method status="PASS" signature="Validatedraft()[pri:0, instance:test.VerifyDraftTest@c038203]" name="Validatedraft" duration-ms="4805" started-at="2019-08-19T18:09:31Z" finished-at="2019-08-19T18:09:36Z">
          <reporter-output>
          </reporter-output>
        </test-method> <!-- Validatedraft -->
      </class> <!-- test.VerifyDraftTest -->
    </test> <!-- Default test -->
  </suite> <!-- Default suite -->
</testng-results>
